\BOOKMARK [1][-]{section.1}{Question 1: Qu'est ce qu'une entreprise ?}{}% 1
\BOOKMARK [2][-]{subsection.1.1}{L'entreprise, une forme d'organisation}{section.1}% 2
\BOOKMARK [3][-]{subsubsection.1.1.1}{Qu'appelle-t-on une organisation ?}{subsection.1.1}% 3
\BOOKMARK [3][-]{subsubsection.1.1.2}{L'entreprise \351tant une forme d'organisation, donner d'autres exemples d'organisation}{subsection.1.1}% 4
\BOOKMARK [2][-]{subsection.1.2}{L'entreprise, une organisation structur\351e autour de fonctions}{section.1}% 5
\BOOKMARK [3][-]{subsubsection.1.2.1}{D\351gager les 5 fonctions pr\351sentes dans l'entreprise, en r\351f\351rence \340 Fayol}{subsection.1.2}% 6
\BOOKMARK [3][-]{subsubsection.1.2.2}{Distinguer fonction, service. Quelle peut \352tre la place du service informatique dans l'entreprise ?}{subsection.1.2}% 7
\BOOKMARK [2][-]{subsection.1.3}{L'entreprise, une organisation focalis\351e sur la fonction commerciale}{section.1}% 8
\BOOKMARK [3][-]{subsubsection.1.3.1}{Fonction commerciale: d\351finir ce que l'on entend par marketing; par besoin}{subsection.1.3}% 9
\BOOKMARK [3][-]{subsubsection.1.3.2}{Mettre en \351vidence la fonction prioritaire au sens \351conomique}{subsection.1.3}% 10
\BOOKMARK [1][-]{section.2}{Question 2: L'entreprise dans son environnement}{}% 11
\BOOKMARK [2][-]{subsection.2.1}{Le micro-environnement}{section.2}% 12
\BOOKMARK [2][-]{subsection.2.2}{Le macro-environnement}{section.2}% 13
\BOOKMARK [2][-]{subsection.2.3}{Diff\351rrence entre micro et macro environnement}{section.2}% 14
\BOOKMARK [2][-]{subsection.2.4}{Une entreprise 60 citoyenne 62}{section.2}% 15
\BOOKMARK [1][-]{section.3}{Confiture DuVerger}{}% 16
\BOOKMARK [1][-]{section.4}{Document 4: H\344agen Dazs}{}% 17
\BOOKMARK [2][-]{subsection.4.1}{Pourquoi la fonction production est-elle essentiellement centr\351 sur le contr\364le qualit\351 ?}{section.4}% 18
\BOOKMARK [2][-]{subsection.4.2}{Expliquez pourquoi il faut "inculquer des valeurs aux employ\351s avec un management participatif" ?}{section.4}% 19
\BOOKMARK [2][-]{subsection.4.3}{Sur quel march\351 est pr\351sent H\344agen Dazs et quelle est sa position ?}{section.4}% 20
\BOOKMARK [2][-]{subsection.4.4}{Montrer en quoi commercialisation, production, et recherche sont li\351es comme dans un syst\350me pour assurer la croissance de l'entreprise}{section.4}% 21
\BOOKMARK [2][-]{subsection.4.5}{Pourquoi choisir Arras comme implantation strat\351gique}{section.4}% 22
